# JRE version: Java(TM) SE Runtime Environment 18.9 (11.0.28+12) (build 11.0.28+12-LTS-279)
# Java VM: Java HotSpot(TM) 64-Bit Server VM 18.9 (11.0.28+12-LTS-279, mixed mode, tiered, compressed oops, g1 gc, windows-amd64)
Heap:
 garbage-first heap   total 194560K, used 137549K [0x00000000e0000000, 0x0000000100000000)
  region size 1024K, 32 young (32768K), 6 survivors (6144K)
 Metaspace       used 65039K, capacity 67365K, committed 67608K, reserved 1107968K
  class space    used 7620K, capacity 8614K, committed 8728K, reserved 1048576K
GC Heap History (10 events):
Event: 13.804 GC heap before
{Heap before GC invocations=19 (full 0):
 garbage-first heap   total 194560K, used 155831K [0x00000000e0000000, 0x0000000100000000)
  region size 1024K, 69 young (70656K), 5 survivors (5120K)
 Metaspace       used 54636K, capacity 56295K, committed 56576K, reserved 1099776K
  class space    used 6061K, capacity 6790K, committed 6912K, reserved 1048576K
}
Event: 13.814 GC heap after
{Heap after GC invocations=20 (full 0):
 garbage-first heap   total 194560K, used 94149K [0x00000000e0000000, 0x0000000100000000)
  region size 1024K, 9 young (9216K), 9 survivors (9216K)
 Metaspace       used 54636K, capacity 56295K, committed 56576K, reserved 1099776K
  class space    used 6061K, capacity 6790K, committed 6912K, reserved 1048576K
}
Event: 14.161 GC heap before
{Heap before GC invocations=20 (full 0):
 garbage-first heap   total 194560K, used 157637K [0x00000000e0000000, 0x0000000100000000)
  region size 1024K, 71 young (72704K), 9 survivors (9216K)
 Metaspace       used 56020K, capacity 57775K, committed 58112K, reserved 1099776K
  class space    used 6333K, capacity 7072K, committed 7168K, reserved 1048576K
}
Event: 14.180 GC heap after
{Heap after GC invocations=21 (full 0):
 garbage-first heap   total 194560K, used 98552K [0x00000000e0000000, 0x0000000100000000)
  region size 1024K, 9 young (9216K), 9 survivors (9216K)
 Metaspace       used 56020K, capacity 57775K, committed 58112K, reserved 1099776K
  class space    used 6333K, capacity 7072K, committed 7168K, reserved 1048576K
}
Event: 14.726 GC heap before
{Heap before GC invocations=21 (full 0):
 garbage-first heap   total 194560K, used 158968K [0x00000000e0000000, 0x0000000100000000)
  region size 1024K, 69 young (70656K), 9 survivors (9216K)
 Metaspace       used 58224K, capacity 59979K, committed 60160K, reserved 1101824K
  class space    used 6639K, capacity 7424K, committed 7424K, reserved 1048576K
}
Event: 14.740 GC heap after
{Heap after GC invocations=22 (full 0):
 garbage-first heap   total 194560K, used 102056K [0x00000000e0000000, 0x0000000100000000)
  region size 1024K, 8 young (8192K), 8 survivors (8192K)
 Metaspace       used 58224K, capacity 59979K, committed 60160K, reserved 1101824K
  class space    used 6639K, capacity 7424K, committed 7424K, reserved 1048576K
}
Event: 15.721 GC heap before
{Heap before GC invocations=23 (full 0):
 garbage-first heap   total 194560K, used 161448K [0x00000000e0000000, 0x0000000100000000)
  region size 1024K, 66 young (67584K), 8 survivors (8192K)
 Metaspace       used 60347K, capacity 62206K, committed 62360K, reserved 1103872K
  class space    used 6915K, capacity 7735K, committed 7832K, reserved 1048576K
}
Event: 15.739 GC heap after
{Heap after GC invocations=24 (full 0):
 garbage-first heap   total 194560K, used 106641K [0x00000000e0000000, 0x0000000100000000)
  region size 1024K, 9 young (9216K), 9 survivors (9216K)
 Metaspace       used 60347K, capacity 62206K, committed 62360K, reserved 1103872K
  class space    used 6915K, capacity 7735K, committed 7832K, reserved 1048576K
}
Event: 16.624 GC heap before
{Heap before GC invocations=25 (full 0):
 garbage-first heap   total 194560K, used 161937K [0x00000000e0000000, 0x0000000100000000)
  region size 1024K, 63 young (64512K), 9 survivors (9216K)
 Metaspace       used 62557K, capacity 64590K, committed 64792K, reserved 1105920K
  class space    used 7250K, capacity 8103K, committed 8216K, reserved 1048576K
}
Event: 16.644 GC heap after
{Heap after GC invocations=26 (full 0):
 garbage-first heap   total 194560K, used 111949K [0x00000000e0000000, 0x0000000100000000)
  region size 1024K, 6 young (6144K), 6 survivors (6144K)
 Metaspace       used 62557K, capacity 64590K, committed 64792K, reserved 1105920K
  class space    used 7250K, capacity 8103K, committed 8216K, reserved 1048576K
}

