# JRE version: Java(TM) SE Runtime Environment 18.9 (11.0.28+12) (build 11.0.28+12-LTS-279)
# Java VM: Java HotSpot(TM) 64-Bit Server VM 18.9 (11.0.28+12-LTS-279, mixed mode, tiered, compressed oops, g1 gc, windows-amd64)
Heap:
 garbage-first heap   total 194560K, used 143337K [0x00000000e0000000, 0x0000000100000000)
  region size 1024K, 57 young (58368K), 6 survivors (6144K)
 Metaspace       used 49437K, capacity 50908K, committed 51200K, reserved 1093632K
  class space    used 5400K, capacity 6027K, committed 6144K, reserved 1048576K
GC Heap History (10 events):
Event: 9.160 GC heap before
{Heap before GC invocations=13 (full 0):
 garbage-first heap   total 194560K, used 141043K [0x00000000e0000000, 0x0000000100000000)
  region size 1024K, 88 young (90112K), 9 survivors (9216K)
 Metaspace       used 38195K, capacity 39086K, committed 39296K, reserved 1083392K
  class space    used 4033K, capacity 4363K, committed 4480K, reserved 1048576K
}
Event: 9.184 GC heap after
{Heap after GC invocations=14 (full 0):
 garbage-first heap   total 194560K, used 63863K [0x00000000e0000000, 0x0000000100000000)
  region size 1024K, 11 young (11264K), 11 survivors (11264K)
 Metaspace       used 38195K, capacity 39086K, committed 39296K, reserved 1083392K
  class space    used 4033K, capacity 4363K, committed 4480K, reserved 1048576K
}
Event: 9.789 GC heap before
{Heap before GC invocations=15 (full 0):
 garbage-first heap   total 194560K, used 141687K [0x00000000e0000000, 0x0000000100000000)
  region size 1024K, 87 young (89088K), 11 survivors (11264K)
 Metaspace       used 40785K, capacity 41646K, committed 41856K, reserved 1087488K
  class space    used 4303K, capacity 4619K, committed 4736K, reserved 1048576K
}
Event: 9.815 GC heap after
{Heap after GC invocations=16 (full 0):
 garbage-first heap   total 194560K, used 73686K [0x00000000e0000000, 0x0000000100000000)
  region size 1024K, 10 young (10240K), 10 survivors (10240K)
 Metaspace       used 40785K, capacity 41646K, committed 41856K, reserved 1087488K
  class space    used 4303K, capacity 4619K, committed 4736K, reserved 1048576K
}
Event: 10.586 GC heap before
{Heap before GC invocations=16 (full 0):
 garbage-first heap   total 194560K, used 145366K [0x00000000e0000000, 0x0000000100000000)
  region size 1024K, 80 young (81920K), 10 survivors (10240K)
 Metaspace       used 42909K, capacity 43788K, committed 44160K, reserved 1089536K
  class space    used 4556K, capacity 4865K, committed 4992K, reserved 1048576K
}
Event: 10.609 GC heap after
{Heap after GC invocations=17 (full 0):
 garbage-first heap   total 194560K, used 79784K [0x00000000e0000000, 0x0000000100000000)
  region size 1024K, 6 young (6144K), 6 survivors (6144K)
 Metaspace       used 42909K, capacity 43788K, committed 44160K, reserved 1089536K
  class space    used 4556K, capacity 4865K, committed 4992K, reserved 1048576K
}
Event: 11.542 GC heap before
{Heap before GC invocations=17 (full 0):
 garbage-first heap   total 194560K, used 149416K [0x00000000e0000000, 0x0000000100000000)
  region size 1024K, 75 young (76800K), 6 survivors (6144K)
 Metaspace       used 45187K, capacity 46405K, committed 46592K, reserved 1091584K
  class space    used 4849K, capacity 5364K, committed 5376K, reserved 1048576K
}
Event: 11.567 GC heap after
{Heap after GC invocations=18 (full 0):
 garbage-first heap   total 194560K, used 86844K [0x00000000e0000000, 0x0000000100000000)
  region size 1024K, 7 young (7168K), 7 survivors (7168K)
 Metaspace       used 45187K, capacity 46405K, committed 46592K, reserved 1091584K
  class space    used 4849K, capacity 5364K, committed 5376K, reserved 1048576K
}
Event: 12.441 GC heap before
{Heap before GC invocations=18 (full 0):
 garbage-first heap   total 194560K, used 153404K [0x00000000e0000000, 0x0000000100000000)
  region size 1024K, 72 young (73728K), 7 survivors (7168K)
 Metaspace       used 48238K, capacity 49577K, committed 49792K, reserved 1093632K
  class space    used 5213K, capacity 5742K, committed 5760K, reserved 1048576K
}
Event: 12.459 GC heap after
{Heap after GC invocations=19 (full 0):
 garbage-first heap   total 194560K, used 92137K [0x00000000e0000000, 0x0000000100000000)
  region size 1024K, 6 young (6144K), 6 survivors (6144K)
 Metaspace       used 48238K, capacity 49577K, committed 49792K, reserved 1093632K
  class space    used 5213K, capacity 5742K, committed 5760K, reserved 1048576K
}

