# JRE version: Java(TM) SE Runtime Environment 18.9 (11.0.28+12) (build 11.0.28+12-LTS-279)
# Java VM: Java HotSpot(TM) 64-Bit Server VM 18.9 (11.0.28+12-LTS-279, mixed mode, tiered, compressed oops, g1 gc, windows-amd64)
Heap:
 garbage-first heap   total 194560K, used 97280K [0x00000000e0000000, 0x0000000100000000)
  region size 1024K, 32 young (32768K), 8 survivors (8192K)
 Metaspace       used 41964K, capacity 42862K, committed 43008K, reserved 1087488K
  class space    used 4435K, capacity 4747K, committed 4864K, reserved 1048576K
GC Heap History (10 events):
Event: 5.816 GC heap before
{Heap before GC invocations=8 (full 0):
 garbage-first heap   total 194560K, used 114416K [0x00000000e0000000, 0x0000000100000000)
  region size 1024K, 81 young (82944K), 6 survivors (6144K)
 Metaspace       used 28247K, capacity 28698K, committed 28928K, reserved 1075200K
  class space    used 2895K, capacity 3072K, committed 3072K, reserved 1048576K
}
Event: 5.832 GC heap after
{Heap after GC invocations=9 (full 0):
 garbage-first heap   total 194560K, used 45361K [0x00000000e0000000, 0x0000000100000000)
  region size 1024K, 8 young (8192K), 8 survivors (8192K)
 Metaspace       used 28247K, capacity 28698K, committed 28928K, reserved 1075200K
  class space    used 2895K, capacity 3072K, committed 3072K, reserved 1048576K
}
Event: 6.714 GC heap before
{Heap before GC invocations=9 (full 0):
 garbage-first heap   total 194560K, used 124209K [0x00000000e0000000, 0x0000000100000000)
  region size 1024K, 85 young (87040K), 8 survivors (8192K)
 Metaspace       used 31346K, capacity 31924K, committed 32000K, reserved 1077248K
  class space    used 3281K, capacity 3513K, committed 3584K, reserved 1048576K
}
Event: 6.730 GC heap after
{Heap after GC invocations=10 (full 0):
 garbage-first heap   total 194560K, used 50501K [0x00000000e0000000, 0x0000000100000000)
  region size 1024K, 6 young (6144K), 6 survivors (6144K)
 Metaspace       used 31346K, capacity 31924K, committed 32000K, reserved 1077248K
  class space    used 3281K, capacity 3513K, committed 3584K, reserved 1048576K
}
Event: 7.687 GC heap before
{Heap before GC invocations=10 (full 0):
 garbage-first heap   total 194560K, used 126277K [0x00000000e0000000, 0x0000000100000000)
  region size 1024K, 82 young (83968K), 6 survivors (6144K)
 Metaspace       used 34941K, capacity 35754K, committed 35840K, reserved 1081344K
  class space    used 3725K, capacity 4016K, committed 4096K, reserved 1048576K
}
Event: 7.704 GC heap after
{Heap after GC invocations=11 (full 0):
 garbage-first heap   total 194560K, used 56060K [0x00000000e0000000, 0x0000000100000000)
  region size 1024K, 11 young (11264K), 11 survivors (11264K)
 Metaspace       used 34941K, capacity 35754K, committed 35840K, reserved 1081344K
  class space    used 3725K, capacity 4016K, committed 4096K, reserved 1048576K
}
Event: 8.803 GC heap before
{Heap before GC invocations=12 (full 0):
 garbage-first heap   total 194560K, used 149244K [0x00000000e0000000, 0x0000000100000000)
  region size 1024K, 97 young (99328K), 11 survivors (11264K)
 Metaspace       used 38341K, capacity 39214K, committed 39552K, reserved 1085440K
  class space    used 4042K, capacity 4363K, committed 4480K, reserved 1048576K
}
Event: 8.838 GC heap after
{Heap after GC invocations=13 (full 0):
 garbage-first heap   total 194560K, used 65155K [0x00000000e0000000, 0x0000000100000000)
  region size 1024K, 13 young (13312K), 13 survivors (13312K)
 Metaspace       used 38341K, capacity 39214K, committed 39552K, reserved 1085440K
  class space    used 4042K, capacity 4363K, committed 4480K, reserved 1048576K
}
Event: 9.890 GC heap before
{Heap before GC invocations=14 (full 0):
 garbage-first heap   total 194560K, used 146051K [0x00000000e0000000, 0x0000000100000000)
  region size 1024K, 92 young (94208K), 13 survivors (13312K)
 Metaspace       used 41028K, capacity 41934K, committed 42112K, reserved 1087488K
  class space    used 4336K, capacity 4651K, committed 4736K, reserved 1048576K
}
Event: 9.920 GC heap after
{Heap after GC invocations=15 (full 0):
 garbage-first heap   total 194560K, used 73728K [0x00000000e0000000, 0x0000000100000000)
  region size 1024K, 8 young (8192K), 8 survivors (8192K)
 Metaspace       used 41028K, capacity 41934K, committed 42112K, reserved 1087488K
  class space    used 4336K, capacity 4651K, committed 4736K, reserved 1048576K
}

