# JRE version: Java(TM) SE Runtime Environment 18.9 (11.0.28+12) (build 11.0.28+12-LTS-279)
# Java VM: Java HotSpot(TM) 64-Bit Server VM 18.9 (11.0.28+12-LTS-279, mixed mode, tiered, compressed oops, g1 gc, windows-amd64)
Heap:
 garbage-first heap   total 194560K, used 75966K [0x00000000e0000000, 0x0000000100000000)
  region size 1024K, 35 young (35840K), 14 survivors (14336K)
 Metaspace       used 44511K, capacity 45765K, committed 46000K, reserved 1089536K
  class space    used 5052K, capacity 5539K, committed 5552K, reserved 1048576K
GC Heap History (10 events):
Event: 12.674 GC heap before
{Heap before GC invocations=5 (full 0):
 garbage-first heap   total 194560K, used 87626K [0x00000000e0000000, 0x0000000100000000)
  region size 1024K, 81 young (82944K), 9 survivors (9216K)
 Metaspace       used 23215K, capacity 23646K, committed 23856K, reserved 1071104K
  class space    used 2393K, capacity 2545K, committed 2608K, reserved 1048576K
}
Event: 12.710 GC heap after
{Heap after GC invocations=6 (full 0):
 garbage-first heap   total 194560K, used 22670K [0x00000000e0000000, 0x0000000100000000)
  region size 1024K, 11 young (11264K), 11 survivors (11264K)
 Metaspace       used 23215K, capacity 23646K, committed 23856K, reserved 1071104K
  class space    used 2393K, capacity 2545K, committed 2608K, reserved 1048576K
}
Event: 14.841 GC heap before
{Heap before GC invocations=6 (full 0):
 garbage-first heap   total 194560K, used 121998K [0x00000000e0000000, 0x0000000100000000)
  region size 1024K, 108 young (110592K), 11 survivors (11264K)
 Metaspace       used 27020K, capacity 27509K, committed 27568K, reserved 1073152K
  class space    used 2786K, capacity 2941K, committed 2992K, reserved 1048576K
}
Event: 14.888 GC heap after
{Heap after GC invocations=7 (full 0):
 garbage-first heap   total 194560K, used 36022K [0x00000000e0000000, 0x0000000100000000)
  region size 1024K, 14 young (14336K), 14 survivors (14336K)
 Metaspace       used 27020K, capacity 27509K, committed 27568K, reserved 1073152K
  class space    used 2786K, capacity 2941K, committed 2992K, reserved 1048576K
}
Event: 17.223 GC heap before
{Heap before GC invocations=7 (full 0):
 garbage-first heap   total 194560K, used 131254K [0x00000000e0000000, 0x0000000100000000)
  region size 1024K, 107 young (109568K), 14 survivors (14336K)
 Metaspace       used 31005K, capacity 31534K, committed 31664K, reserved 1077248K
  class space    used 3239K, capacity 3452K, committed 3504K, reserved 1048576K
}
Event: 17.258 GC heap after
{Heap after GC invocations=8 (full 0):
 garbage-first heap   total 194560K, used 42318K [0x00000000e0000000, 0x0000000100000000)
  region size 1024K, 6 young (6144K), 6 survivors (6144K)
 Metaspace       used 31005K, capacity 31534K, committed 31664K, reserved 1077248K
  class space    used 3239K, capacity 3452K, committed 3504K, reserved 1048576K
}
Event: 19.219 GC heap before
{Heap before GC invocations=8 (full 0):
 garbage-first heap   total 194560K, used 90446K [0x00000000e0000000, 0x0000000100000000)
  region size 1024K, 54 young (55296K), 6 survivors (6144K)
 Metaspace       used 35022K, capacity 35795K, committed 35888K, reserved 1081344K
  class space    used 3748K, capacity 4061K, committed 4144K, reserved 1048576K
}
Event: 19.239 GC heap after
{Heap after GC invocations=9 (full 0):
 garbage-first heap   total 194560K, used 46248K [0x00000000e0000000, 0x0000000100000000)
  region size 1024K, 10 young (10240K), 10 survivors (10240K)
 Metaspace       used 35022K, capacity 35795K, committed 35888K, reserved 1081344K
  class space    used 3748K, capacity 4061K, committed 4144K, reserved 1048576K
}
Event: 24.070 GC heap before
{Heap before GC invocations=10 (full 0):
 garbage-first heap   total 194560K, used 144552K [0x00000000e0000000, 0x0000000100000000)
  region size 1024K, 106 young (108544K), 10 survivors (10240K)
 Metaspace       used 42111K, capacity 43085K, committed 43312K, reserved 1087488K
  class space    used 4679K, capacity 5058K, committed 5168K, reserved 1048576K
}
Event: 24.101 GC heap after
{Heap after GC invocations=11 (full 0):
 garbage-first heap   total 194560K, used 55486K [0x00000000e0000000, 0x0000000100000000)
  region size 1024K, 14 young (14336K), 14 survivors (14336K)
 Metaspace       used 42111K, capacity 43085K, committed 43312K, reserved 1087488K
  class space    used 4679K, capacity 5058K, committed 5168K, reserved 1048576K
}

