# JRE version: Java(TM) SE Runtime Environment 18.9 (11.0.28+12) (build 11.0.28+12-LTS-279)
# Java VM: Java HotSpot(TM) 64-Bit Server VM 18.9 (11.0.28+12-LTS-279, mixed mode, tiered, compressed oops, g1 gc, windows-amd64)
Heap:
 garbage-first heap   total 194560K, used 110627K [0x00000000e0000000, 0x0000000100000000)
  region size 1024K, 30 young (30720K), 7 survivors (7168K)
 Metaspace       used 49387K, capacity 50844K, committed 51200K, reserved 1093632K
  class space    used 5400K, capacity 6027K, committed 6144K, reserved 1048576K
GC Heap History (10 events):
Event: 8.266 GC heap before
{Heap before GC invocations=13 (full 0):
 garbage-first heap   total 194560K, used 146151K [0x00000000e0000000, 0x0000000100000000)
  region size 1024K, 93 young (95232K), 9 survivors (9216K)
 Metaspace       used 38291K, capacity 39150K, committed 39296K, reserved 1083392K
  class space    used 4044K, capacity 4363K, committed 4480K, reserved 1048576K
}
Event: 8.292 GC heap after
{Heap after GC invocations=14 (full 0):
 garbage-first heap   total 194560K, used 64490K [0x00000000e0000000, 0x0000000100000000)
  region size 1024K, 12 young (12288K), 12 survivors (12288K)
 Metaspace       used 38291K, capacity 39150K, committed 39296K, reserved 1083392K
  class space    used 4044K, capacity 4363K, committed 4480K, reserved 1048576K
}
Event: 9.007 GC heap before
{Heap before GC invocations=15 (full 0):
 garbage-first heap   total 194560K, used 146410K [0x00000000e0000000, 0x0000000100000000)
  region size 1024K, 92 young (94208K), 12 survivors (12288K)
 Metaspace       used 41003K, capacity 41870K, committed 42112K, reserved 1087488K
  class space    used 4338K, capacity 4651K, committed 4736K, reserved 1048576K
}
Event: 9.029 GC heap after
{Heap after GC invocations=16 (full 0):
 garbage-first heap   total 194560K, used 70912K [0x00000000e0000000, 0x0000000100000000)
  region size 1024K, 7 young (7168K), 7 survivors (7168K)
 Metaspace       used 41003K, capacity 41870K, committed 42112K, reserved 1087488K
  class space    used 4338K, capacity 4651K, committed 4736K, reserved 1048576K
}
Event: 9.859 GC heap before
{Heap before GC invocations=16 (full 0):
 garbage-first heap   total 194560K, used 149760K [0x00000000e0000000, 0x0000000100000000)
  region size 1024K, 84 young (86016K), 7 survivors (7168K)
 Metaspace       used 43183K, capacity 44145K, committed 44416K, reserved 1089536K
  class space    used 4607K, capacity 4969K, committed 4992K, reserved 1048576K
}
Event: 9.874 GC heap after
{Heap after GC invocations=17 (full 0):
 garbage-first heap   total 194560K, used 75776K [0x00000000e0000000, 0x0000000100000000)
  region size 1024K, 11 young (11264K), 11 survivors (11264K)
 Metaspace       used 43183K, capacity 44145K, committed 44416K, reserved 1089536K
  class space    used 4607K, capacity 4969K, committed 4992K, reserved 1048576K
}
Event: 10.595 GC heap before
{Heap before GC invocations=17 (full 0):
 garbage-first heap   total 194560K, used 152576K [0x00000000e0000000, 0x0000000100000000)
  region size 1024K, 86 young (88064K), 11 survivors (11264K)
 Metaspace       used 45476K, capacity 46826K, committed 46976K, reserved 1091584K
  class space    used 4898K, capacity 5422K, committed 5504K, reserved 1048576K
}
Event: 10.619 GC heap after
{Heap after GC invocations=18 (full 0):
 garbage-first heap   total 194560K, used 82087K [0x00000000e0000000, 0x0000000100000000)
  region size 1024K, 7 young (7168K), 7 survivors (7168K)
 Metaspace       used 45476K, capacity 46826K, committed 46976K, reserved 1091584K
  class space    used 4898K, capacity 5422K, committed 5504K, reserved 1048576K
}
Event: 11.584 GC heap before
{Heap before GC invocations=18 (full 0):
 garbage-first heap   total 194560K, used 154791K [0x00000000e0000000, 0x0000000100000000)
  region size 1024K, 78 young (79872K), 7 survivors (7168K)
 Metaspace       used 48733K, capacity 50202K, committed 50304K, reserved 1093632K
  class space    used 5300K, capacity 5917K, committed 6016K, reserved 1048576K
}
Event: 11.601 GC heap after
{Heap after GC invocations=19 (full 0):
 garbage-first heap   total 194560K, used 88099K [0x00000000e0000000, 0x0000000100000000)
  region size 1024K, 7 young (7168K), 7 survivors (7168K)
 Metaspace       used 48733K, capacity 50202K, committed 50304K, reserved 1093632K
  class space    used 5300K, capacity 5917K, committed 6016K, reserved 1048576K
}

